\BOOKMARK [0][-]{chapter*.7}{List of Figures}{}% 1
\BOOKMARK [0][-]{chapter*.8}{List of Tables}{}% 2
\BOOKMARK [0][-]{chapter.1}{INTRODUCTION}{}% 3
\BOOKMARK [0][-]{chapter.2}{THEORY}{}% 4
\BOOKMARK [1][-]{section.2.1}{CLASSICAL CONCEPTS OF LIGHT}{chapter.2}% 5
\BOOKMARK [2][-]{subsection.2.1.1}{ELECTROMAGNETIC FIELD}{section.2.1}% 6
\BOOKMARK [2][-]{subsection.2.1.2}{ENERGY OF ELECTROMAGNETIC FIELD, THE POYNTING VECTOR}{section.2.1}% 7
\BOOKMARK [1][-]{section.2.2}{PHYSICS AND PROPERTIES OF SOLIDS AND SEMICONDUCTORS}{chapter.2}% 8
\BOOKMARK [2][-]{subsection.2.2.1}{PHYSICS AND PROPERTIES OF SOLIDS}{section.2.2}% 9
\BOOKMARK [2][-]{subsection.2.2.2}{DRUDE MODEL OF FREE CARRIERS}{section.2.2}% 10
\BOOKMARK [2][-]{subsection.2.2.3}{CRYSTAL STRUCTURE AND BLOCH THEOREM}{section.2.2}% 11
\BOOKMARK [2][-]{subsection.2.2.4}{ENERGY STRUCTURE}{section.2.2}% 12
\BOOKMARK [2][-]{subsection.2.2.5}{BIGGER WORLD OF CARRIERS}{section.2.2}% 13
\BOOKMARK [2][-]{subsection.2.2.6}{NON-EQUILIBRIUM EFFECTS AND CARRIER INJECTION}{section.2.2}% 14
\BOOKMARK [2][-]{subsection.2.2.7}{SEMICONDUCTOR JUNCTIONS}{section.2.2}% 15
\BOOKMARK [1][-]{section.2.3}{LIGHT WITH MATTER INTERACTION}{chapter.2}% 16
\BOOKMARK [1][-]{section.2.4}{PHOTOVOLTAIC DEVICES AND SOLAR CELL PARAMETERS}{chapter.2}% 17
\BOOKMARK [1][-]{section.2.5}{QUANTUM DOTS AND QDSSC}{chapter.2}% 18
\BOOKMARK [2][-]{subsection.2.5.1}{SEMICONDUCTING QUANTUM DOTS}{section.2.5}% 19
\BOOKMARK [2][-]{subsection.2.5.2}{CORE-SHELL CQDS}{section.2.5}% 20
\BOOKMARK [2][-]{subsection.2.5.3}{CQD SUPER-CRYSTAL}{section.2.5}% 21
\BOOKMARK [2][-]{subsection.2.5.4}{PRINCIPLES OF QDSCS}{section.2.5}% 22
\BOOKMARK [2][-]{subsection.2.5.5}{MATERIALS AND PERFORMANCE DEVELOPMENT OF QDSSC - A REVIEW}{section.2.5}% 23
\BOOKMARK [0][-]{chapter.3}{PREPARATION, DEPOSITION AND OTHER EXPERIMENTAL METHODS}{}% 24
\BOOKMARK [1][-]{section.3.1}{Quantum dots purification}{chapter.3}% 25
\BOOKMARK [2][-]{subsection.3.1.1}{Purification method}{section.3.1}% 26
\BOOKMARK [2][-]{subsection.3.1.2}{Method's properties}{section.3.1}% 27
\BOOKMARK [1][-]{section.3.2}{Depositions parameters and methods}{chapter.3}% 28
\BOOKMARK [2][-]{subsection.3.2.1}{Glass contact cleaning}{section.3.2}% 29
\BOOKMARK [2][-]{subsection.3.2.2}{Spin Coating}{section.3.2}% 30
\BOOKMARK [2][-]{subsection.3.2.3}{Glovebox}{section.3.2}% 31
\BOOKMARK [2][-]{subsection.3.2.4}{Sputter deposition}{section.3.2}% 32
\BOOKMARK [0][-]{chapter.4}{RESULTS}{}% 33
\BOOKMARK [1][-]{section.4.1}{PbS Quantum Dot Solar Cells}{chapter.4}% 34
\BOOKMARK [2][-]{subsection.4.1.1}{First device deposition}{section.4.1}% 35
\BOOKMARK [0][-]{chapter.5}{CONCLUSION AND OUTLOOK}{}% 36
\BOOKMARK [0][-]{chapter.6}{FUTURE POSSIBILITIES}{}% 37
\BOOKMARK [0][-]{chapter.6}{BIBLIOGRAPHY}{}% 38
