This is LuaTeX, Version 1.10.1 (MiKTeX 2.9.7140 64-bit)  (format=luatex 2019.10.3)  3 OCT 2019 19:48
 restricted system commands enabled.
**Thesis.tex
(./Thesis.tex
! Undefined control sequence.
l.2 \documentclass
                {article} %%% use \documentstyle for old LaTeX compilers
The control sequence at the end of the top line
of your error message was never \def'ed. If you have
misspelled it (e.g., `\hobx'), type `I' and the correct
spelling (e.g., `I\hbox'). Otherwise just continue,
and I'll forget about whatever was undefined.

! Undefined control sequence.
l.4 \usepackage
             [english]{babel} %%% 'french', 'german', 'spanish', 'danish', etc.
The control sequence at the end of the top line
of your error message was never \def'ed. If you have
misspelled it (e.g., `\hobx'), type `I' and the correct
spelling (e.g., `I\hbox'). Otherwise just continue,
and I'll forget about whatever was undefined.

! Undefined control sequence.
l.5 \usepackage
             {amssymb}
The control sequence at the end of the top line
of your error message was never \def'ed. If you have
misspelled it (e.g., `\hobx'), type `I' and the correct
spelling (e.g., `I\hbox'). Otherwise just continue,
and I'll forget about whatever was undefined.

! Undefined control sequence.
l.6 \usepackage
             {amsmath}
The control sequence at the end of the top line
of your error message was never \def'ed. If you have
misspelled it (e.g., `\hobx'), type `I' and the correct
spelling (e.g., `I\hbox'). Otherwise just continue,
and I'll forget about whatever was undefined.

! Undefined control sequence.
l.7 \usepackage
             {txfonts}
The control sequence at the end of the top line
of your error message was never \def'ed. If you have
misspelled it (e.g., `\hobx'), type `I' and the correct
spelling (e.g., `I\hbox'). Otherwise just continue,
and I'll forget about whatever was undefined.

! Undefined control sequence.
l.8 \usepackage
             {mathdots}
The control sequence at the end of the top line
of your error message was never \def'ed. If you have
misspelled it (e.g., `\hobx'), type `I' and the correct
spelling (e.g., `I\hbox'). Otherwise just continue,
and I'll forget about whatever was undefined.

! Undefined control sequence.
l.9 \usepackage
             [classicReIm]{kpfonts}
The control sequence at the end of the top line
of your error message was never \def'ed. If you have
misspelled it (e.g., `\hobx'), type `I' and the correct
spelling (e.g., `I\hbox'). Otherwise just continue,
and I'll forget about whatever was undefined.

! Undefined control sequence.
l.10 \usepackage
              [dvips]{graphicx} %%% use 'pdftex' instead of 'dvips' for PDF ...
The control sequence at the end of the top line
of your error message was never \def'ed. If you have
misspelled it (e.g., `\hobx'), type `I' and the correct
spelling (e.g., `I\hbox'). Otherwise just continue,
and I'll forget about whatever was undefined.

! Undefined control sequence.
l.15 \begin
         {document}
The control sequence at the end of the top line
of your error message was never \def'ed. If you have
misspelled it (e.g., `\hobx'), type `I' and the correct
spelling (e.g., `I\hbox'). Otherwise just continue,
and I'll forget about whatever was undefined.

! Undefined control sequence.
l.27 \[
     2\]
The control sequence at the end of the top line
of your error message was never \def'ed. If you have
misspelled it (e.g., `\hobx'), type `I' and the correct
spelling (e.g., `I\hbox'). Otherwise just continue,
and I'll forget about whatever was undefined.

! Undefined control sequence.
l.27 \[2\]
        
The control sequence at the end of the top line
of your error message was never \def'ed. If you have
misspelled it (e.g., `\hobx'), type `I' and the correct
spelling (e.g., `I\hbox'). Otherwise just continue,
and I'll forget about whatever was undefined.

! Undefined control sequence.
l.38 \noindent \includegraphics
                             *[width=4.41in, height=0.98in, keepaspectratio=...
The control sequence at the end of the top line
of your error message was never \def'ed. If you have
misspelled it (e.g., `\hobx'), type `I' and the correct
spelling (e.g., `I\hbox'). Otherwise just continue,
and I'll forget about whatever was undefined.

! Undefined control sequence.
l.72 \noindent \textbf
                    {}
The control sequence at the end of the top line
of your error message was never \def'ed. If you have
misspelled it (e.g., `\hobx'), type `I' and the correct
spelling (e.g., `I\hbox'). Otherwise just continue,
and I'll forget about whatever was undefined.

! Undefined control sequence.
l.74 \noindent \textbf
                    {Type III solar cells based on quantum dots}
The control sequence at the end of the top line
of your error message was never \def'ed. If you have
misspelled it (e.g., `\hobx'), type `I' and the correct
spelling (e.g., `I\hbox'). Otherwise just continue,
and I'll forget about whatever was undefined.

! Undefined control sequence.
l.76 \noindent \textbf
                    {}
The control sequence at the end of the top line
of your error message was never \def'ed. If you have
misspelled it (e.g., `\hobx'), type `I' and the correct
spelling (e.g., `I\hbox'). Otherwise just continue,
and I'll forget about whatever was undefined.

! Undefined control sequence.
l.78 \noindent \textbf
                    {}
The control sequence at the end of the top line
of your error message was never \def'ed. If you have
misspelled it (e.g., `\hobx'), type `I' and the correct
spelling (e.g., `I\hbox'). Otherwise just continue,
and I'll forget about whatever was undefined.

! Undefined control sequence.
l.116 \noindent \textbf
                     {}
The control sequence at the end of the top line
of your error message was never \def'ed. If you have
misspelled it (e.g., `\hobx'), type `I' and the correct
spelling (e.g., `I\hbox'). Otherwise just continue,
and I'll forget about whatever was undefined.

! Undefined control sequence.
l.118 \noindent \textbf
                     {}
The control sequence at the end of the top line
of your error message was never \def'ed. If you have
misspelled it (e.g., `\hobx'), type `I' and the correct
spelling (e.g., `I\hbox'). Otherwise just continue,
and I'll forget about whatever was undefined.

! Undefined control sequence.
l.145 \section
            {Abstract}
The control sequence at the end of the top line
of your error message was never \def'ed. If you have
misspelled it (e.g., `\hobx'), type `I' and the correct
spelling (e.g., `I\hbox'). Otherwise just continue,
and I'll forget about whatever was undefined.

! Undefined control sequence.
l.176 \section
            {Contents}
The control sequence at the end of the top line
of your error message was never \def'ed. If you have
misspelled it (e.g., `\hobx'), type `I' and the correct
spelling (e.g., `I\hbox'). Otherwise just continue,
and I'll forget about whatever was undefined.

! Undefined control sequence.
l.180 ...ges 1610. Tables 1611. Attachment 16\textbf
                                                  {}
The control sequence at the end of the top line
of your error message was never \def'ed. If you have
misspelled it (e.g., `\hobx'), type `I' and the correct
spelling (e.g., `I\hbox'). Otherwise just continue,
and I'll forget about whatever was undefined.

! Undefined control sequence.
l.182 \noindent \textbf
                     {\eject }
The control sequence at the end of the top line
of your error message was never \def'ed. If you have
misspelled it (e.g., `\hobx'), type `I' and the correct
spelling (e.g., `I\hbox'). Otherwise just continue,
and I'll forget about whatever was undefined.


Underfull \vbox (badness 2012) has occurred while \output is active
\vbox(643.20255+0.0)x469.75499, glue set 2.72266, direction TLT
.\glue(\topskip) 3.05556
.\hbox(6.94444+0.0)x469.75499, glue set 422.50494fil, direction TLT
..\localpar
...\localinterlinepenalty=0
...\localbrokenpenalty=0
...\localleftbox=null
...\localrightbox=null
..\hbox(0.0+0.0)x20.0, direction TLT
..\tenrm a
..\tenrm r
..\discretionary (penalty 50) []
..etc.
.\glue(\parskip) 0.0 plus 1.0
.\glue(\baselineskip) 4.5
.\hbox(7.5+2.5)x469.75499, glue set 64.0319fil, direction TLT
..\localpar
...\localinterlinepenalty=0
...\localbrokenpenalty=0
...\localleftbox=null
...\localrightbox=null
..\hbox(0.0+0.0)x20.0, direction TLT
..\tenrm [
..\tenrm e
..\tenrm n
..etc.
.etc.

 [1{C:/Users/maxgr/AppData/Local/MiKTeX/2.9/pdftex/config/pdftex.map}]
! Undefined control sequence.
l.184 \noindent \textbf
                     {}
The control sequence at the end of the top line
of your error message was never \def'ed. If you have
misspelled it (e.g., `\hobx'), type `I' and the correct
spelling (e.g., `I\hbox'). Otherwise just continue,
and I'll forget about whatever was undefined.

! Undefined control sequence.
l.187 \subsection
               { Introduction}
The control sequence at the end of the top line
of your error message was never \def'ed. If you have
misspelled it (e.g., `\hobx'), type `I' and the correct
spelling (e.g., `I\hbox'). Otherwise just continue,
and I'll forget about whatever was undefined.

! Undefined control sequence.
l.191 ...w more important quantities such as \textit
                                                  {power} P, which is simply...
The control sequence at the end of the top line
of your error message was never \def'ed. If you have
misspelled it (e.g., `\hobx'), type `I' and the correct
spelling (e.g., `I\hbox'). Otherwise just continue,
and I'll forget about whatever was undefined.

! Undefined control sequence.
l.194 \[
      E=\int P\left(t\right)dt\]
The control sequence at the end of the top line
of your error message was never \def'ed. If you have
misspelled it (e.g., `\hobx'), type `I' and the correct
spelling (e.g., `I\hbox'). Otherwise just continue,
and I'll forget about whatever was undefined.

! Missing $ inserted.
<inserted text> 
$
<to be read again> 
\nolimits 
l.194 \[E=\int
             P\left(t\right)dt\]
I've inserted a begin-math/end-math symbol since I think
you left one out. Proceed, with fingers crossed.

! Limit controls must follow a math operator.
<recently read> \nolimits 
          
l.194 \[E=\int
             P\left(t\right)dt\]
I'm ignoring this misplaced \limits or \nolimits command.

! Undefined control sequence.
l.194 \[E=\int P\left(t\right)dt\]
                                
The control sequence at the end of the top line
of your error message was never \def'ed. If you have
misspelled it (e.g., `\hobx'), type `I' and the correct
spelling (e.g., `I\hbox'). Otherwise just continue,
and I'll forget about whatever was undefined.

! Missing $ inserted.
<inserted text> 
$
<to be read again> 
\par 
l.195 
    
I've inserted a begin-math/end-math symbol since I think
you left one out. Proceed, with fingers crossed.

! Undefined control sequence.
l.197 ...be represented in J (Joules) or eV (\textit
                                                  {electron volt), }which di...
The control sequence at the end of the top line
of your error message was never \def'ed. If you have
misspelled it (e.g., `\hobx'), type `I' and the correct
spelling (e.g., `I\hbox'). Otherwise just continue,
and I'll forget about whatever was undefined.

! Undefined control sequence.
l.200 \[
      1eV=1.602*{10}^{-19}J\]
The control sequence at the end of the top line
of your error message was never \def'ed. If you have
misspelled it (e.g., `\hobx'), type `I' and the correct
spelling (e.g., `I\hbox'). Otherwise just continue,
and I'll forget about whatever was undefined.

! Missing $ inserted.
<inserted text> 
$
<to be read again> 
^
l.200 \[1eV=1.602*{10}^
                     {-19}J\]
I've inserted a begin-math/end-math symbol since I think
you left one out. Proceed, with fingers crossed.

! Undefined control sequence.
l.200 \[1eV=1.602*{10}^{-19}J\]
                             
The control sequence at the end of the top line
of your error message was never \def'ed. If you have
misspelled it (e.g., `\hobx'), type `I' and the correct
spelling (e.g., `I\hbox'). Otherwise just continue,
and I'll forget about whatever was undefined.

! Missing $ inserted.
<inserted text> 
$
<to be read again> 
\par 
l.201 
    
I've inserted a begin-math/end-math symbol since I think
you left one out. Proceed, with fingers crossed.

! Undefined control sequence.
l.203 ...l be then represented in W (Watts)($W=\frac
                                                  {J}{s}\ ).$
The control sequence at the end of the top line
of your error message was never \def'ed. If you have
misspelled it (e.g., `\hobx'), type `I' and the correct
spelling (e.g., `I\hbox'). Otherwise just continue,
and I'll forget about whatever was undefined.

! Undefined control sequence.
l.207 ...From Global Energy Perspective paper \eqref
                                                  {GrindEQ__1_} we can learn...
The control sequence at the end of the top line
of your error message was never \def'ed. If you have
misspelled it (e.g., `\hobx'), type `I' and the correct
spelling (e.g., `I\hbox'). Otherwise just continue,
and I'll forget about whatever was undefined.

! Missing $ inserted.
<inserted text> 
$
<to be read again> 
_
l.207 ...al Energy Perspective paper \eqref{GrindEQ_
                                                  _1_} we can learn that:
I've inserted a begin-math/end-math symbol since I think
you left one out. Proceed, with fingers crossed.

! Missing { inserted.
<to be read again> 
_
l.207 ...l Energy Perspective paper \eqref{GrindEQ__
                                                  1_} we can learn that:
A left brace was mandatory here, so I've put one in.
You might want to delete and/or insert some corrections
so that I will find a matching right brace soon.
If you're confused by all this, try typing `I}' now.

! Double subscript.
l.207 ...Energy Perspective paper \eqref{GrindEQ__1_
                                                  } we can learn that:
I treat `x_1_2' essentially like `x_1{}_2'.

! Missing { inserted.
<to be read again> 
}
l.207 ...nergy Perspective paper \eqref{GrindEQ__1_}
                                                   we can learn that:
A left brace was mandatory here, so I've put one in.
You might want to delete and/or insert some corrections
so that I will find a matching right brace soon.
If you're confused by all this, try typing `I}' now.

! Missing $ inserted.
<inserted text> 
$
<to be read again> 
\par 
l.208 
    
I've inserted a begin-math/end-math symbol since I think
you left one out. Proceed, with fingers crossed.

! Missing } inserted.
<inserted text> 
}
<to be read again> 
$
<to be read again> 
\par 
l.208 
    
I've inserted something that you may have forgotten.
(See the <inserted text> above.)
With luck, this will get me unwedged. But if you
really didn't forget anything, try typing `2' now; then
my insertion and my current dilemma will both disappear.

! Undefined control sequence.
l.209 \begin
          {enumerate}
The control sequence at the end of the top line
of your error message was never \def'ed. If you have
misspelled it (e.g., `\hobx'), type `I' and the correct
spelling (e.g., `I\hbox'). Otherwise just continue,
and I'll forget about whatever was undefined.

[2])
(\end occurred inside a group at level 1)

### simple group (level 1) entered at line 207 ({)
### bottom level<D:/LATEX/MiKTeX/fonts/type1/public/amsfonts/cm/cmex10.pfb><D:/L
ATEX/MiKTeX/fonts/type1/public/amsfonts/cm/cmmi10.pfb><D:/LATEX/MiKTeX/fonts/typ
e1/public/amsfonts/cm/cmmi7.pfb><D:/LATEX/MiKTeX/fonts/type1/public/amsfonts/cm/
cmr10.pfb><D:/LATEX/MiKTeX/fonts/type1/public/amsfonts/cm/cmr5.pfb><D:/LATEX/MiK
TeX/fonts/type1/public/amsfonts/cm/cmr7.pfb><D:/LATEX/MiKTeX/fonts/type1/public/
amsfonts/cm/cmsy10.pfb><D:/LATEX/MiKTeX/fonts/type1/public/amsfonts/cm/cmsy7.pfb
>
Output written on Thesis.pdf (2 pages, 86628 bytes).

PDF statistics: 41 PDF objects out of 1000 (max. 8388607)
 0 named destinations out of 1000 (max. 131072)
 1 words of extra memory for PDF output out of 10000 (max. 100000000)

